[     307ms] [INFO] %cDownload the React DevTools for a better development experience: https://react.dev/link/react-devtools font-weight:bold @ http://localhost:3001/_next/static/chunks/0zld_next_dist_0jcy-5x._.js:2431
[     341ms] [LOG] [HMR] connected @ http://localhost:3001/_next/static/chunks/0zld_next_dist_0jcy-5x._.js:2431
[     463ms] [LOG] [Fast Refresh] rebuilding @ http://localhost:3001/_next/static/chunks/0zld_next_dist_0jcy-5x._.js:2431
[     573ms] [LOG] [Fast Refresh] done in 210ms @ http://localhost:3001/_next/static/chunks/0zld_next_dist_0jcy-5x._.js:2431
[     692ms] [ERROR] Failed to load resource: the server responded with a status of 404 (Not Found) @ http://localhost:3001/favicon.ico:0
[     853ms] [LOG] [Fast Refresh] rebuilding @ http://localhost:3001/_next/static/chunks/0zld_next_dist_0jcy-5x._.js:2431
[     997ms] [LOG] [Fast Refresh] done in 246ms @ http://localhost:3001/_next/static/chunks/0zld_next_dist_0jcy-5x._.js:2431
[   82650ms] [LOG] [Fast Refresh] rebuilding @ http://localhost:3001/_next/static/chunks/0zld_next_dist_0jcy-5x._.js:2431
[   83020ms] [LOG] [Fast Refresh] done in 421ms @ http://localhost:3001/_next/static/chunks/0zld_next_dist_0jcy-5x._.js:2431
[  103955ms] [LOG] [Fast Refresh] rebuilding @ http://localhost:3001/_next/static/chunks/0zld_next_dist_0jcy-5x._.js:2431
[  104162ms] [LOG] [Fast Refresh] done in 316ms @ http://localhost:3001/_next/static/chunks/0zld_next_dist_0jcy-5x._.js:2431
[  240194ms] [LOG] [Fast Refresh] rebuilding @ http://localhost:3001/_next/static/chunks/0zld_next_dist_0jcy-5x._.js:2431
[  240360ms] [LOG] [Fast Refresh] done in 231ms @ http://localhost:3001/_next/static/chunks/0zld_next_dist_0jcy-5x._.js:2431
[  246465ms] [LOG] [Fast Refresh] rebuilding @ http://localhost:3001/_next/static/chunks/0zld_next_dist_0jcy-5x._.js:2431
[  246613ms] [LOG] [Fast Refresh] done in 186ms @ http://localhost:3001/_next/static/chunks/0zld_next_dist_0jcy-5x._.js:2431
[  337210ms] [LOG] [Fast Refresh] rebuilding @ http://localhost:3001/_next/static/chunks/0zld_next_dist_0jcy-5x._.js:2431
[  337469ms] [LOG] [Fast Refresh] done in 319ms @ http://localhost:3001/_next/static/chunks/0zld_next_dist_0jcy-5x._.js:2431
[  344909ms] [LOG] [Fast Refresh] rebuilding @ http://localhost:3001/_next/static/chunks/0zld_next_dist_0jcy-5x._.js:2431
[  345188ms] [LOG] [Fast Refresh] done in 355ms @ http://localhost:3001/_next/static/chunks/0zld_next_dist_0jcy-5x._.js:2431
[  351335ms] [LOG] [Fast Refresh] rebuilding @ http://localhost:3001/_next/static/chunks/0zld_next_dist_0jcy-5x._.js:2431
[  351477ms] [LOG] [Fast Refresh] done in 206ms @ http://localhost:3001/_next/static/chunks/0zld_next_dist_0jcy-5x._.js:2431
[  452440ms] [LOG] [Fast Refresh] rebuilding @ http://localhost:3001/_next/static/chunks/0zld_next_dist_0jcy-5x._.js:2431
[  452578ms] [LOG] [Fast Refresh] done in 204ms @ http://localhost:3001/_next/static/chunks/0zld_next_dist_0jcy-5x._.js:2431
[  466524ms] [LOG] [Fast Refresh] rebuilding @ http://localhost:3001/_next/static/chunks/0zld_next_dist_0jcy-5x._.js:2431
[  466620ms] [LOG] [Fast Refresh] done in 176ms @ http://localhost:3001/_next/static/chunks/0zld_next_dist_0jcy-5x._.js:2431
