[     123ms] [LOG] [Fast Refresh] rebuilding @ http://localhost:3000/_next/static/chunks/0zld_next_dist_0jcy-5x._.js:2431
[     398ms] [LOG] [Fast Refresh] done in 385ms @ http://localhost:3000/_next/static/chunks/0zld_next_dist_0jcy-5x._.js:2431
[     561ms] [INFO] %cDownload the React DevTools for a better development experience: https://react.dev/link/react-devtools font-weight:bold @ http://localhost:3000/_next/static/chunks/0zld_next_dist_0jcy-5x._.js:2431
[     602ms] [LOG] [HMR] connected @ http://localhost:3000/_next/static/chunks/0zld_next_dist_0jcy-5x._.js:2431
[     820ms] [LOG] [Fast Refresh] rebuilding @ http://localhost:3000/_next/static/chunks/0zld_next_dist_0jcy-5x._.js:2431
[    1045ms] [LOG] [Fast Refresh] done in 326ms @ http://localhost:3000/_next/static/chunks/0zld_next_dist_0jcy-5x._.js:2431
[    7919ms] [LOG] [Fast Refresh] rebuilding @ http://localhost:3000/_next/static/chunks/0zld_next_dist_0jcy-5x._.js:2431
[    7999ms] [LOG] [Fast Refresh] done in 190ms @ http://localhost:3000/_next/static/chunks/0zld_next_dist_0jcy-5x._.js:2431
[   22064ms] [LOG] [Fast Refresh] rebuilding @ http://localhost:3000/_next/static/chunks/0zld_next_dist_0jcy-5x._.js:2431
[   22146ms] [LOG] [Fast Refresh] done in 192ms @ http://localhost:3000/_next/static/chunks/0zld_next_dist_0jcy-5x._.js:2431
[  230250ms] [LOG] [Fast Refresh] rebuilding @ http://localhost:3000/_next/static/chunks/0zld_next_dist_0jcy-5x._.js:2431
[  230517ms] [LOG] [Fast Refresh] done in 321ms @ http://localhost:3000/_next/static/chunks/0zld_next_dist_0jcy-5x._.js:2431
[  237930ms] [LOG] [Fast Refresh] rebuilding @ http://localhost:3000/_next/static/chunks/0zld_next_dist_0jcy-5x._.js:2431
[  238126ms] [LOG] [Fast Refresh] done in 267ms @ http://localhost:3000/_next/static/chunks/0zld_next_dist_0jcy-5x._.js:2431
[  242257ms] [LOG] [Fast Refresh] rebuilding @ http://localhost:3000/_next/static/chunks/0zld_next_dist_0jcy-5x._.js:2431
[  242403ms] [LOG] [Fast Refresh] done in 238ms @ http://localhost:3000/_next/static/chunks/0zld_next_dist_0jcy-5x._.js:2431
[  245905ms] [LOG] [Fast Refresh] rebuilding @ http://localhost:3000/_next/static/chunks/0zld_next_dist_0jcy-5x._.js:2431
[  246024ms] [LOG] [Fast Refresh] done in 220ms @ http://localhost:3000/_next/static/chunks/0zld_next_dist_0jcy-5x._.js:2431
[  256214ms] [LOG] [Fast Refresh] rebuilding @ http://localhost:3000/_next/static/chunks/0zld_next_dist_0jcy-5x._.js:2431
[  256335ms] [LOG] [Fast Refresh] done in 204ms @ http://localhost:3000/_next/static/chunks/0zld_next_dist_0jcy-5x._.js:2431
[  260068ms] [LOG] [Fast Refresh] rebuilding @ http://localhost:3000/_next/static/chunks/0zld_next_dist_0jcy-5x._.js:2431
[  260284ms] [LOG] [Fast Refresh] done in 288ms @ http://localhost:3000/_next/static/chunks/0zld_next_dist_0jcy-5x._.js:2431
[  264312ms] [LOG] [Fast Refresh] rebuilding @ http://localhost:3000/_next/static/chunks/0zld_next_dist_0jcy-5x._.js:2431
[  264548ms] [LOG] [Fast Refresh] done in 279ms @ http://localhost:3000/_next/static/chunks/0zld_next_dist_0jcy-5x._.js:2431
