[     121ms] [LOG] [Fast Refresh] rebuilding @ http://localhost:3000/_next/static/chunks/0zld_next_dist_0jcy-5x._.js:2431
[     322ms] [LOG] [Fast Refresh] done in 309ms @ http://localhost:3000/_next/static/chunks/0zld_next_dist_0jcy-5x._.js:2431
[     493ms] [INFO] %cDownload the React DevTools for a better development experience: https://react.dev/link/react-devtools font-weight:bold @ http://localhost:3000/_next/static/chunks/0zld_next_dist_0jcy-5x._.js:2431
[     537ms] [LOG] [HMR] connected @ http://localhost:3000/_next/static/chunks/0zld_next_dist_0jcy-5x._.js:2431
[    2178ms] [ERROR] Failed to load resource: the server responded with a status of 403 () @ https://accounts.google.com/v3/signin/identifier?continue=https%3A%2F%2Fdrive.google.com%2Fdrivesharing%2Fclientmodel%3Fid%3D1D2VjU9GUPV80c1X1MvmEFQWhk5mHrWPL%26foreignService%3Dtexmex%26authuser%3D0%26origin%3Dhttps%3A%2F%2Fdrive.google.com&dsh=S-1641972454%3A1778953005340631&followup=https%3A%2F%2Fdrive.google.com%2Fdrivesharing%2Fclientmodel%3Fid%3D1D2VjU9GUPV80c1X1MvmEFQWhk5mHrWPL%26foreignService%3Dtexmex%26authuser%3D0%26origin%3Dhttps%3A%2F%2Fdrive.google.com&osid=1&passive=1209600&flowName=GlifWebSignIn&flowEntry=ServiceLogin&ifkv=AWa2PatG2JKTn1ksNci5sBBR11c1imNoHzbQRQJzCdgGhvP4JeiCX2pHWO5klnW-CMJtj3ZAqu7q7A:0
[    3490ms] [LOG] [Fast Refresh] rebuilding @ http://localhost:3000/_next/static/chunks/0zld_next_dist_0jcy-5x._.js:2431
[    3659ms] [LOG] [Fast Refresh] done in 273ms @ http://localhost:3000/_next/static/chunks/0zld_next_dist_0jcy-5x._.js:2431
[    8944ms] [WARNING] The resource http://localhost:3000/_next/static/media/fed68dff3ca987ed-s.p.0.dtn51pl2xyp.woff2 was preloaded using link preload but not used within a few seconds from the window's load event. Please make sure it has an appropriate `as` value and it is preloaded intentionally. @ http://localhost:3000/:0
[    8944ms] [WARNING] The resource https://drive.google.com/drive-viewer/AKGpihYvGnA2pkM8YOuCbMrUeL5I35b1JhSn2Hibfe5UX-sOgnNLAZ3wpFekrYDC0S9H6NhK1T2elrsaoWGlTEllL1o3EajtWr0uAgo=s1600-rw-v1 was preloaded using link preload but not used within a few seconds from the window's load event. Please make sure it has an appropriate `as` value and it is preloaded intentionally. @ https://drive.google.com/file/d/1D2VjU9GUPV80c1X1MvmEFQWhk5mHrWPL/preview?autoplay=1&mute=1:0
[    8944ms] [WARNING] The resource http://localhost:3000/_next/static/media/8375abd741af9b6b-s.p.0ql8lmedwq9mz.woff2 was preloaded using link preload but not used within a few seconds from the window's load event. Please make sure it has an appropriate `as` value and it is preloaded intentionally. @ http://localhost:3000/:0
[   16315ms] [WARNING] The resource https://drive.google.com/drive-viewer/AKGpihYvGnA2pkM8YOuCbMrUeL5I35b1JhSn2Hibfe5UX-sOgnNLAZ3wpFekrYDC0S9H6NhK1T2elrsaoWGlTEllL1o3EajtWr0uAgo=s1600-rw-v1 was preloaded using link preload but not used within a few seconds from the window's load event. Please make sure it has an appropriate `as` value and it is preloaded intentionally. @ https://drive.google.com/file/d/1D2VjU9GUPV80c1X1MvmEFQWhk5mHrWPL/preview?autoplay=1&mute=1:0
[   16315ms] [WARNING] The resource http://localhost:3000/_next/static/media/fed68dff3ca987ed-s.p.0.dtn51pl2xyp.woff2 was preloaded using link preload but not used within a few seconds from the window's load event. Please make sure it has an appropriate `as` value and it is preloaded intentionally. @ http://localhost:3000/:0
[   16315ms] [WARNING] The resource http://localhost:3000/_next/static/media/8375abd741af9b6b-s.p.0ql8lmedwq9mz.woff2 was preloaded using link preload but not used within a few seconds from the window's load event. Please make sure it has an appropriate `as` value and it is preloaded intentionally. @ http://localhost:3000/:0
[   26481ms] [WARNING] The resource https://drive.google.com/drive-viewer/AKGpihYvGnA2pkM8YOuCbMrUeL5I35b1JhSn2Hibfe5UX-sOgnNLAZ3wpFekrYDC0S9H6NhK1T2elrsaoWGlTEllL1o3EajtWr0uAgo=s1600-rw-v1 was preloaded using link preload but not used within a few seconds from the window's load event. Please make sure it has an appropriate `as` value and it is preloaded intentionally. @ https://drive.google.com/file/d/1D2VjU9GUPV80c1X1MvmEFQWhk5mHrWPL/preview?autoplay=1&mute=1:0
[   26480ms] [WARNING] The resource http://localhost:3000/_next/static/media/fed68dff3ca987ed-s.p.0.dtn51pl2xyp.woff2 was preloaded using link preload but not used within a few seconds from the window's load event. Please make sure it has an appropriate `as` value and it is preloaded intentionally. @ http://localhost:3000/:0
[   26481ms] [WARNING] The resource http://localhost:3000/_next/static/media/8375abd741af9b6b-s.p.0ql8lmedwq9mz.woff2 was preloaded using link preload but not used within a few seconds from the window's load event. Please make sure it has an appropriate `as` value and it is preloaded intentionally. @ http://localhost:3000/:0
[   34643ms] [WARNING] The resource https://drive.google.com/drive-viewer/AKGpihYvGnA2pkM8YOuCbMrUeL5I35b1JhSn2Hibfe5UX-sOgnNLAZ3wpFekrYDC0S9H6NhK1T2elrsaoWGlTEllL1o3EajtWr0uAgo=s1600-rw-v1 was preloaded using link preload but not used within a few seconds from the window's load event. Please make sure it has an appropriate `as` value and it is preloaded intentionally. @ https://drive.google.com/file/d/1D2VjU9GUPV80c1X1MvmEFQWhk5mHrWPL/preview?autoplay=1&mute=1:0
[   34643ms] [WARNING] The resource http://localhost:3000/_next/static/media/fed68dff3ca987ed-s.p.0.dtn51pl2xyp.woff2 was preloaded using link preload but not used within a few seconds from the window's load event. Please make sure it has an appropriate `as` value and it is preloaded intentionally. @ http://localhost:3000/:0
[   34643ms] [WARNING] The resource http://localhost:3000/_next/static/media/8375abd741af9b6b-s.p.0ql8lmedwq9mz.woff2 was preloaded using link preload but not used within a few seconds from the window's load event. Please make sure it has an appropriate `as` value and it is preloaded intentionally. @ http://localhost:3000/:0
[   65658ms] [WARNING] The resource https://drive.google.com/drive-viewer/AKGpihYvGnA2pkM8YOuCbMrUeL5I35b1JhSn2Hibfe5UX-sOgnNLAZ3wpFekrYDC0S9H6NhK1T2elrsaoWGlTEllL1o3EajtWr0uAgo=s1600-rw-v1 was preloaded using link preload but not used within a few seconds from the window's load event. Please make sure it has an appropriate `as` value and it is preloaded intentionally. @ https://drive.google.com/file/d/1D2VjU9GUPV80c1X1MvmEFQWhk5mHrWPL/preview?autoplay=1&mute=1:0
[   65658ms] [WARNING] The resource http://localhost:3000/_next/static/media/fed68dff3ca987ed-s.p.0.dtn51pl2xyp.woff2 was preloaded using link preload but not used within a few seconds from the window's load event. Please make sure it has an appropriate `as` value and it is preloaded intentionally. @ http://localhost:3000/:0
[   65659ms] [WARNING] The resource http://localhost:3000/_next/static/media/8375abd741af9b6b-s.p.0ql8lmedwq9mz.woff2 was preloaded using link preload but not used within a few seconds from the window's load event. Please make sure it has an appropriate `as` value and it is preloaded intentionally. @ http://localhost:3000/:0
[  216517ms] [LOG] [Fast Refresh] rebuilding @ http://localhost:3000/_next/static/chunks/0zld_next_dist_0jcy-5x._.js:2431
[  216796ms] [LOG] [Fast Refresh] done in 320ms @ http://localhost:3000/_next/static/chunks/0zld_next_dist_0jcy-5x._.js:2431
[  216947ms] [LOG] [Fast Refresh] rebuilding @ http://localhost:3000/_next/static/chunks/0zld_next_dist_0jcy-5x._.js:2431
[  218031ms] [LOG] [Fast Refresh] done in 1199ms @ http://localhost:3000/_next/static/chunks/0zld_next_dist_0jcy-5x._.js:2431
[  218133ms] [LOG] [Fast Refresh] rebuilding @ http://localhost:3000/_next/static/chunks/0zld_next_dist_0jcy-5x._.js:2431
[  219724ms] [ERROR] Failed to load resource: the server responded with a status of 400 (Bad Request) @ http://localhost:3000/hero-video.mp4:0
[  219733ms] [LOG] [Fast Refresh] done in 1702ms @ http://localhost:3000/_next/static/chunks/0zld_next_dist_0jcy-5x._.js:2431
[  222731ms] [WARNING] The resource http://localhost:3000/_next/static/media/fed68dff3ca987ed-s.p.0.dtn51pl2xyp.woff2 was preloaded using link preload but not used within a few seconds from the window's load event. Please make sure it has an appropriate `as` value and it is preloaded intentionally. @ http://localhost:3000/:0
[  222731ms] [WARNING] The resource http://localhost:3000/_next/static/media/8375abd741af9b6b-s.p.0ql8lmedwq9mz.woff2 was preloaded using link preload but not used within a few seconds from the window's load event. Please make sure it has an appropriate `as` value and it is preloaded intentionally. @ http://localhost:3000/:0
[ 2203234ms] [LOG] [HMR] connected @ http://localhost:3000/_next/static/chunks/0zld_next_dist_0jcy-5x._.js:2431
[ 2203359ms] [LOG] [Fast Refresh] rebuilding @ http://localhost:3000/_next/static/chunks/0zld_next_dist_0jcy-5x._.js:2431
[ 2203441ms] [LOG] [Fast Refresh] done in 184ms @ http://localhost:3000/_next/static/chunks/0zld_next_dist_0jcy-5x._.js:2431
[ 2816122ms] [LOG] [Fast Refresh] rebuilding @ http://localhost:3000/_next/static/chunks/0zld_next_dist_0jcy-5x._.js:2431
[ 2816306ms] [LOG] [Fast Refresh] done in 215ms @ http://localhost:3000/_next/static/chunks/0zld_next_dist_0jcy-5x._.js:2431
