[     317ms] [INFO] %cDownload the React DevTools for a better development experience: https://react.dev/link/react-devtools font-weight:bold @ http://localhost:3001/_next/static/chunks/0zld_next_dist_0jcy-5x._.js:2431
[     363ms] [LOG] [HMR] connected @ http://localhost:3001/_next/static/chunks/0zld_next_dist_0jcy-5x._.js:2431
[     724ms] [LOG] [Fast Refresh] rebuilding @ http://localhost:3001/_next/static/chunks/0zld_next_dist_0jcy-5x._.js:2431
[     874ms] [LOG] [Fast Refresh] done in 265ms @ http://localhost:3001/_next/static/chunks/0zld_next_dist_0jcy-5x._.js:2431
[   27246ms] [LOG] [Fast Refresh] rebuilding @ http://localhost:3001/_next/static/chunks/0zld_next_dist_0jcy-5x._.js:2431
[   27798ms] [LOG] [Fast Refresh] done in 572ms @ http://localhost:3001/_next/static/chunks/0zld_next_dist_0jcy-5x._.js:2431
[  436916ms] [LOG] [Fast Refresh] rebuilding @ http://localhost:3001/_next/static/chunks/0zld_next_dist_0jcy-5x._.js:2431
[  437023ms] [LOG] [Fast Refresh] done in 208ms @ http://localhost:3001/_next/static/chunks/0zld_next_dist_0jcy-5x._.js:2431
[  444726ms] [LOG] [Fast Refresh] rebuilding @ http://localhost:3001/_next/static/chunks/0zld_next_dist_0jcy-5x._.js:2431
[  444843ms] [LOG] [Fast Refresh] done in 217ms @ http://localhost:3001/_next/static/chunks/0zld_next_dist_0jcy-5x._.js:2431
[  450328ms] [LOG] [Fast Refresh] rebuilding @ http://localhost:3001/_next/static/chunks/0zld_next_dist_0jcy-5x._.js:2431
[  450487ms] [LOG] [Fast Refresh] done in 266ms @ http://localhost:3001/_next/static/chunks/0zld_next_dist_0jcy-5x._.js:2431
[  560906ms] [LOG] [Fast Refresh] rebuilding @ http://localhost:3001/_next/static/chunks/0zld_next_dist_0jcy-5x._.js:2431
[  560937ms] [LOG] [Fast Refresh] done in 63ms @ http://localhost:3001/_next/static/chunks/0zld_next_dist_0jcy-5x._.js:2431
[  561043ms] [LOG] [Fast Refresh] rebuilding @ http://localhost:3001/_next/static/chunks/0zld_next_dist_0jcy-5x._.js:2431
[  561078ms] [LOG] [Fast Refresh] done in 140ms @ http://localhost:3001/_next/static/chunks/0zld_next_dist_0jcy-5x._.js:2431
[  562911ms] [LOG] [Fast Refresh] rebuilding @ http://localhost:3001/_next/static/chunks/0zld_next_dist_0jcy-5x._.js:2431
[  563048ms] [LOG] [Fast Refresh] done in 8ms @ http://localhost:3001/_next/static/chunks/0zld_next_dist_0jcy-5x._.js:2431
[  581601ms] [LOG] [Fast Refresh] rebuilding @ http://localhost:3001/_next/static/chunks/0zld_next_dist_0jcy-5x._.js:2431
[  581664ms] [LOG] [Fast Refresh] done in 169ms @ http://localhost:3001/_next/static/chunks/0zld_next_dist_0jcy-5x._.js:2431
[  610724ms] [LOG] [Fast Refresh] rebuilding @ http://localhost:3001/_next/static/chunks/0zld_next_dist_0jcy-5x._.js:2431
[  611691ms] [LOG] [Fast Refresh] done in 1067ms @ http://localhost:3001/_next/static/chunks/0zld_next_dist_0jcy-5x._.js:2431
[  650094ms] [LOG] [Fast Refresh] rebuilding @ http://localhost:3001/_next/static/chunks/0zld_next_dist_0jcy-5x._.js:2431
[  650237ms] [LOG] [Fast Refresh] done in 245ms @ http://localhost:3001/_next/static/chunks/0zld_next_dist_0jcy-5x._.js:2431
[  660569ms] [LOG] [Fast Refresh] rebuilding @ http://localhost:3001/_next/static/chunks/0zld_next_dist_0jcy-5x._.js:2431
[  660681ms] [LOG] [Fast Refresh] done in 203ms @ http://localhost:3001/_next/static/chunks/0zld_next_dist_0jcy-5x._.js:2431
[  667511ms] [LOG] [Fast Refresh] rebuilding @ http://localhost:3001/_next/static/chunks/0zld_next_dist_0jcy-5x._.js:2431
[  667636ms] [LOG] [Fast Refresh] done in 212ms @ http://localhost:3001/_next/static/chunks/0zld_next_dist_0jcy-5x._.js:2431
[  674928ms] [LOG] [Fast Refresh] rebuilding @ http://localhost:3001/_next/static/chunks/0zld_next_dist_0jcy-5x._.js:2431
[  675068ms] [LOG] [Fast Refresh] done in 233ms @ http://localhost:3001/_next/static/chunks/0zld_next_dist_0jcy-5x._.js:2431
[  680803ms] [LOG] [Fast Refresh] rebuilding @ http://localhost:3001/_next/static/chunks/0zld_next_dist_0jcy-5x._.js:2431
[  680922ms] [LOG] [Fast Refresh] done in 216ms @ http://localhost:3001/_next/static/chunks/0zld_next_dist_0jcy-5x._.js:2431
[  685564ms] [LOG] [Fast Refresh] rebuilding @ http://localhost:3001/_next/static/chunks/0zld_next_dist_0jcy-5x._.js:2431
[  685628ms] [LOG] [Fast Refresh] done in 131ms @ http://localhost:3001/_next/static/chunks/0zld_next_dist_0jcy-5x._.js:2431
[  690071ms] [LOG] [Fast Refresh] rebuilding @ http://localhost:3001/_next/static/chunks/0zld_next_dist_0jcy-5x._.js:2431
[  690154ms] [LOG] [Fast Refresh] done in 138ms @ http://localhost:3001/_next/static/chunks/0zld_next_dist_0jcy-5x._.js:2431
[  709123ms] [LOG] [Fast Refresh] rebuilding @ http://localhost:3001/_next/static/chunks/0zld_next_dist_0jcy-5x._.js:2431
[  709186ms] [LOG] [Fast Refresh] done in 168ms @ http://localhost:3001/_next/static/chunks/0zld_next_dist_0jcy-5x._.js:2431
[  714426ms] [LOG] [Fast Refresh] rebuilding @ http://localhost:3001/_next/static/chunks/0zld_next_dist_0jcy-5x._.js:2431
[  714713ms] [LOG] [Fast Refresh] done in 397ms @ http://localhost:3001/_next/static/chunks/0zld_next_dist_0jcy-5x._.js:2431
[  781103ms] [LOG] [Fast Refresh] rebuilding @ http://localhost:3001/_next/static/chunks/0zld_next_dist_0jcy-5x._.js:2431
[  781202ms] [LOG] [Fast Refresh] done in 205ms @ http://localhost:3001/_next/static/chunks/0zld_next_dist_0jcy-5x._.js:2431
[  791108ms] [LOG] [Fast Refresh] rebuilding @ http://localhost:3001/_next/static/chunks/0zld_next_dist_0jcy-5x._.js:2431
[  791236ms] [LOG] [Fast Refresh] done in 237ms @ http://localhost:3001/_next/static/chunks/0zld_next_dist_0jcy-5x._.js:2431
[  795818ms] [LOG] [Fast Refresh] rebuilding @ http://localhost:3001/_next/static/chunks/0zld_next_dist_0jcy-5x._.js:2431
[  795918ms] [LOG] [Fast Refresh] done in 216ms @ http://localhost:3001/_next/static/chunks/0zld_next_dist_0jcy-5x._.js:2431
[  800583ms] [LOG] [Fast Refresh] rebuilding @ http://localhost:3001/_next/static/chunks/0zld_next_dist_0jcy-5x._.js:2431
[  800717ms] [LOG] [Fast Refresh] done in 235ms @ http://localhost:3001/_next/static/chunks/0zld_next_dist_0jcy-5x._.js:2431
[  976478ms] [LOG] [Fast Refresh] rebuilding @ http://localhost:3001/_next/static/chunks/0zld_next_dist_0jcy-5x._.js:2431
[  976997ms] [LOG] [Fast Refresh] done in 245ms @ http://localhost:3001/_next/static/chunks/0zld_next_dist_0jcy-5x._.js:2431
[ 1039288ms] [LOG] [Fast Refresh] rebuilding @ http://localhost:3001/_next/static/chunks/0zld_next_dist_0jcy-5x._.js:2431
[ 1039661ms] [LOG] [Fast Refresh] done in 197ms @ http://localhost:3001/_next/static/chunks/0zld_next_dist_0jcy-5x._.js:2431
[ 1090825ms] [LOG] [Fast Refresh] rebuilding @ http://localhost:3001/_next/static/chunks/0zld_next_dist_0jcy-5x._.js:2431
[ 1090935ms] [LOG] [Fast Refresh] done in 218ms @ http://localhost:3001/_next/static/chunks/0zld_next_dist_0jcy-5x._.js:2431
[ 1125943ms] [LOG] [Fast Refresh] rebuilding @ http://localhost:3001/_next/static/chunks/0zld_next_dist_0jcy-5x._.js:2431
[ 1127399ms] [LOG] [Fast Refresh] done in 1560ms @ http://localhost:3001/_next/static/chunks/0zld_next_dist_0jcy-5x._.js:2431
[ 1127536ms] [LOG] [Fast Refresh] rebuilding @ http://localhost:3001/_next/static/chunks/0zld_next_dist_0jcy-5x._.js:2431
[ 1127742ms] [LOG] [Fast Refresh] done in 306ms @ http://localhost:3001/_next/static/chunks/0zld_next_dist_0jcy-5x._.js:2431
[ 1146208ms] [LOG] [Fast Refresh] rebuilding @ http://localhost:3001/_next/static/chunks/0zld_next_dist_0jcy-5x._.js:2431
[ 1146494ms] [LOG] [Fast Refresh] done in 202ms @ http://localhost:3001/_next/static/chunks/0zld_next_dist_0jcy-5x._.js:2431
[ 1197632ms] [LOG] [Fast Refresh] rebuilding @ http://localhost:3001/_next/static/chunks/0zld_next_dist_0jcy-5x._.js:2431
[ 1197741ms] [LOG] [Fast Refresh] done in 213ms @ http://localhost:3001/_next/static/chunks/0zld_next_dist_0jcy-5x._.js:2431
[ 1276074ms] [LOG] [Fast Refresh] rebuilding @ http://localhost:3001/_next/static/chunks/0zld_next_dist_0jcy-5x._.js:2431
[ 1276202ms] [LOG] [Fast Refresh] done in 172ms @ http://localhost:3001/_next/static/chunks/0zld_next_dist_0jcy-5x._.js:2431
[ 1336464ms] [LOG] [Fast Refresh] rebuilding @ http://localhost:3001/_next/static/chunks/0zld_next_dist_0jcy-5x._.js:2431
[ 1336702ms] [LOG] [Fast Refresh] done in 343ms @ http://localhost:3001/_next/static/chunks/0zld_next_dist_0jcy-5x._.js:2431
[ 1346453ms] [LOG] [Fast Refresh] rebuilding @ http://localhost:3001/_next/static/chunks/0zld_next_dist_0jcy-5x._.js:2431
[ 1346624ms] [LOG] [Fast Refresh] done in 207ms @ http://localhost:3001/_next/static/chunks/0zld_next_dist_0jcy-5x._.js:2431
[ 1349347ms] [LOG] [Fast Refresh] rebuilding @ http://localhost:3001/_next/static/chunks/0zld_next_dist_0jcy-5x._.js:2431
[ 1349631ms] [LOG] [Fast Refresh] done in 391ms @ http://localhost:3001/_next/static/chunks/0zld_next_dist_0jcy-5x._.js:2431
[ 1393571ms] [LOG] [Fast Refresh] rebuilding @ http://localhost:3001/_next/static/chunks/0zld_next_dist_0jcy-5x._.js:2431
[ 1394055ms] [LOG] [Fast Refresh] done in 507ms @ http://localhost:3001/_next/static/chunks/0zld_next_dist_0jcy-5x._.js:2431
[ 1401466ms] [LOG] [Fast Refresh] rebuilding @ http://localhost:3001/_next/static/chunks/0zld_next_dist_0jcy-5x._.js:2431
[ 1401688ms] [LOG] [Fast Refresh] done in 324ms @ http://localhost:3001/_next/static/chunks/0zld_next_dist_0jcy-5x._.js:2431
[ 1771736ms] [LOG] [HMR] connected @ http://localhost:3001/_next/static/chunks/0zld_next_dist_0jcy-5x._.js:2431
[ 2391488ms] [LOG] [HMR] connected @ http://localhost:3001/_next/static/chunks/0zld_next_dist_0jcy-5x._.js:2431
[ 4805365ms] [LOG] [HMR] connected @ http://localhost:3001/_next/static/chunks/0zld_next_dist_0jcy-5x._.js:2431
[ 4805858ms] [LOG] [Fast Refresh] rebuilding @ http://localhost:3001/_next/static/chunks/0zld_next_dist_0jcy-5x._.js:2431
[ 4810536ms] [ERROR] Failed to load resource: net::ERR_QUIC_PROTOCOL_ERROR @ https://zonohzcylydpimhxkqjm.supabase.co/storage/v1/object/public/adaptia-documents1/lv_7590901979958742289_20260415230706.mp4:0
[ 4837629ms] [LOG] [Fast Refresh] done in 32014ms @ http://localhost:3001/_next/static/chunks/0zld_next_dist_0jcy-5x._.js:2431
[18063549ms] [ERROR] Failed to load resource: net::ERR_QUIC_PROTOCOL_ERROR @ https://zonohzcylydpimhxkqjm.supabase.co/storage/v1/object/public/adaptia-documents1/lv_7590901979958742289_20260415230706.mp4:0
[18065189ms] [LOG] [HMR] connected @ http://localhost:3001/_next/static/chunks/0zld_next_dist_0jcy-5x._.js:2431
[21857191ms] [LOG] [Fast Refresh] rebuilding @ http://localhost:3001/_next/static/chunks/0zld_next_dist_0jcy-5x._.js:2431
[21857441ms] [LOG] [Fast Refresh] done in 312ms @ http://localhost:3001/_next/static/chunks/0zld_next_dist_0jcy-5x._.js:2431
[21857611ms] [LOG] [Fast Refresh] rebuilding @ http://localhost:3001/_next/static/chunks/0zld_next_dist_0jcy-5x._.js:2431
[21859136ms] [LOG] [Fast Refresh] done in 1629ms @ http://localhost:3001/_next/static/chunks/0zld_next_dist_0jcy-5x._.js:2431
[21859244ms] [LOG] [Fast Refresh] rebuilding @ http://localhost:3001/_next/static/chunks/0zld_next_dist_0jcy-5x._.js:2431
[21859323ms] [LOG] [Fast Refresh] done in 185ms @ http://localhost:3001/_next/static/chunks/0zld_next_dist_0jcy-5x._.js:2431
[21859334ms] [ERROR] Failed to load resource: the server responded with a status of 404 (Not Found) @ http://localhost:3001/momentos-01.jpeg:0
[22436873ms] [LOG] [Fast Refresh] rebuilding @ http://localhost:3001/_next/static/chunks/0zld_next_dist_0jcy-5x._.js:2431
[22437014ms] [LOG] [Fast Refresh] done in 186ms @ http://localhost:3001/_next/static/chunks/0zld_next_dist_0jcy-5x._.js:2431
[22458664ms] [LOG] [Fast Refresh] rebuilding @ http://localhost:3001/_next/static/chunks/0zld_next_dist_0jcy-5x._.js:2431
[22458801ms] [LOG] [Fast Refresh] done in 198ms @ http://localhost:3001/_next/static/chunks/0zld_next_dist_0jcy-5x._.js:2431
[22467834ms] [LOG] [Fast Refresh] rebuilding @ http://localhost:3001/_next/static/chunks/0zld_next_dist_0jcy-5x._.js:2431
[22467985ms] [LOG] [Fast Refresh] done in 236ms @ http://localhost:3001/_next/static/chunks/0zld_next_dist_0jcy-5x._.js:2431
[22479715ms] [LOG] [Fast Refresh] rebuilding @ http://localhost:3001/_next/static/chunks/0zld_next_dist_0jcy-5x._.js:2431
[22479873ms] [LOG] [Fast Refresh] done in 216ms @ http://localhost:3001/_next/static/chunks/0zld_next_dist_0jcy-5x._.js:2431
[22486555ms] [LOG] [Fast Refresh] rebuilding @ http://localhost:3001/_next/static/chunks/0zld_next_dist_0jcy-5x._.js:2431
[22486726ms] [LOG] [Fast Refresh] done in 267ms @ http://localhost:3001/_next/static/chunks/0zld_next_dist_0jcy-5x._.js:2431
[22511432ms] [LOG] [Fast Refresh] rebuilding @ http://localhost:3001/_next/static/chunks/0zld_next_dist_0jcy-5x._.js:2431
[22511688ms] [LOG] [Fast Refresh] done in 359ms @ http://localhost:3001/_next/static/chunks/0zld_next_dist_0jcy-5x._.js:2431
[22534695ms] [LOG] [Fast Refresh] rebuilding @ http://localhost:3001/_next/static/chunks/0zld_next_dist_0jcy-5x._.js:2431
[22534732ms] [LOG] [Fast Refresh] done in 149ms @ http://localhost:3001/_next/static/chunks/0zld_next_dist_0jcy-5x._.js:2431
[22641261ms] [LOG] [Fast Refresh] rebuilding @ http://localhost:3001/_next/static/chunks/0zld_next_dist_0jcy-5x._.js:2431
[22641462ms] [LOG] [Fast Refresh] done in 253ms @ http://localhost:3001/_next/static/chunks/0zld_next_dist_0jcy-5x._.js:2431
[22776997ms] [LOG] [Fast Refresh] rebuilding @ http://localhost:3001/_next/static/chunks/0zld_next_dist_0jcy-5x._.js:2431
[22777183ms] [LOG] [Fast Refresh] done in 272ms @ http://localhost:3001/_next/static/chunks/0zld_next_dist_0jcy-5x._.js:2431
[22782697ms] [LOG] [Fast Refresh] rebuilding @ http://localhost:3001/_next/static/chunks/0zld_next_dist_0jcy-5x._.js:2431
[22782773ms] [LOG] [Fast Refresh] done in 141ms @ http://localhost:3001/_next/static/chunks/0zld_next_dist_0jcy-5x._.js:2431
[22787312ms] [LOG] [Fast Refresh] rebuilding @ http://localhost:3001/_next/static/chunks/0zld_next_dist_0jcy-5x._.js:2431
[22787376ms] [LOG] [Fast Refresh] done in 164ms @ http://localhost:3001/_next/static/chunks/0zld_next_dist_0jcy-5x._.js:2431
[22791193ms] [LOG] [Fast Refresh] rebuilding @ http://localhost:3001/_next/static/chunks/0zld_next_dist_0jcy-5x._.js:2431
[22791193ms] [LOG] [Fast Refresh] done in 100ms @ http://localhost:3001/_next/static/chunks/0zld_next_dist_0jcy-5x._.js:2431
[22799169ms] [LOG] [Fast Refresh] rebuilding @ http://localhost:3001/_next/static/chunks/0zld_next_dist_0jcy-5x._.js:2431
[22799254ms] [LOG] [Fast Refresh] done in 192ms @ http://localhost:3001/_next/static/chunks/0zld_next_dist_0jcy-5x._.js:2431
[22877881ms] [LOG] [Fast Refresh] rebuilding @ http://localhost:3001/_next/static/chunks/0zld_next_dist_0jcy-5x._.js:2431
[22878157ms] [LOG] [Fast Refresh] done in 378ms @ http://localhost:3001/_next/static/chunks/0zld_next_dist_0jcy-5x._.js:2431
[22910968ms] [LOG] [Fast Refresh] rebuilding @ http://localhost:3001/_next/static/chunks/0zld_next_dist_0jcy-5x._.js:2431
[22911036ms] [LOG] [Fast Refresh] done in 116ms @ http://localhost:3001/_next/static/chunks/0zld_next_dist_0jcy-5x._.js:2431
[22913398ms] [LOG] [Fast Refresh] rebuilding @ http://localhost:3001/_next/static/chunks/0zld_next_dist_0jcy-5x._.js:2431
[22913451ms] [LOG] [Fast Refresh] done in 60ms @ http://localhost:3001/_next/static/chunks/0zld_next_dist_0jcy-5x._.js:2431
[22926093ms] [LOG] [Fast Refresh] rebuilding @ http://localhost:3001/_next/static/chunks/0zld_next_dist_0jcy-5x._.js:2431
[22926299ms] [LOG] [Fast Refresh] done in 321ms @ http://localhost:3001/_next/static/chunks/0zld_next_dist_0jcy-5x._.js:2431
